<?xml version="1.0" encoding="UTF-8"?>
<testng-results ignored="0" total="1" passed="1" failed="0" skipped="0">
  <reporter-output>
  </reporter-output>
  <suite started-at="2022-11-07T20:40:41 IST" name="Default suite" finished-at="2022-11-07T20:41:21 IST" duration-ms="39551">
    <groups>
    </groups>
    <test started-at="2022-11-07T20:40:41 IST" name="Default test" finished-at="2022-11-07T20:41:21 IST" duration-ms="39551">
      <class name="com.project.test.RegisterPageTest">
        <test-method is-config="true" signature="initHomePage()[pri:0, instance:com.project.test.RegisterPageTest@4fb3ee4e]" started-at="2022-11-07T20:40:43 IST" name="initHomePage" finished-at="2022-11-07T20:40:58 IST" duration-ms="14739" status="PASS">
          <reporter-output>
          </reporter-output>
        </test-method> <!-- initHomePage -->
        <test-method signature="Registration(java.lang.String,java.lang.String,java.lang.String,java.lang.String,java.lang.String,java.lang.String,java.lang.String,java.lang.String,java.lang.String,java.lang.String,java.lang.String,java.lang.String)[pri:0, instance:com.project.test.RegisterPageTest@4fb3ee4e]" started-at="2022-11-07T20:40:58 IST" name="Registration" data-provider="getData" finished-at="2022-11-07T20:41:18 IST" duration-ms="20425" status="PASS">
          <params>
            <param index="0">
              <value>
                <![CDATA[Mahesh]]>
              </value>
            </param>
            <param index="1">
              <value>
                <![CDATA[Raghu]]>
              </value>
            </param>
            <param index="2">
              <value>
                <![CDATA[Pune]]>
              </value>
            </param>
            <param index="3">
              <value>
                <![CDATA[abcd@gmail.com]]>
              </value>
            </param>
            <param index="4">
              <value>
                <![CDATA[9209006400]]>
              </value>
            </param>
            <param index="5">
              <value>
                <![CDATA[Content Managment]]>
              </value>
            </param>
            <param index="6">
              <value>
                <![CDATA[India]]>
              </value>
            </param>
            <param index="7">
              <value>
                <![CDATA[1920]]>
              </value>
            </param>
            <param index="8">
              <value>
                <![CDATA[September]]>
              </value>
            </param>
            <param index="9">
              <value>
                <![CDATA[22]]>
              </value>
            </param>
            <param index="10">
              <value>
                <![CDATA[aaaaa]]>
              </value>
            </param>
            <param index="11">
              <value>
                <![CDATA[aaaaa]]>
              </value>
            </param>
          </params>
          <reporter-output>
          </reporter-output>
        </test-method> <!-- Registration -->
        <test-method is-config="true" signature="tearDownHomePage()[pri:0, instance:com.project.test.RegisterPageTest@4fb3ee4e]" started-at="2022-11-07T20:41:18 IST" name="tearDownHomePage" finished-at="2022-11-07T20:41:21 IST" duration-ms="2537" status="PASS">
          <reporter-output>
          </reporter-output>
        </test-method> <!-- tearDownHomePage -->
      </class> <!-- com.project.test.RegisterPageTest -->
    </test> <!-- Default test -->
  </suite> <!-- Default suite -->
</testng-results>
