<?xml version="1.0" encoding="UTF-8"?>
<testng-results ignored="0" total="1" passed="1" failed="0" skipped="0">
  <reporter-output>
  </reporter-output>
  <suite started-at="2022-11-08T19:58:47 IST" name="Default suite" finished-at="2022-11-08T19:58:57 IST" duration-ms="9375">
    <groups>
    </groups>
    <test started-at="2022-11-08T19:58:47 IST" name="Default test" finished-at="2022-11-08T19:58:57 IST" duration-ms="9375">
      <class name="com.project.test.HomePageTest">
        <test-method is-config="true" signature="initHomePage()[pri:0, instance:com.project.test.HomePageTest@47987356]" started-at="2022-11-08T19:58:47 IST" name="initHomePage" finished-at="2022-11-08T19:58:56 IST" duration-ms="8085" status="PASS">
          <reporter-output>
          </reporter-output>
        </test-method> <!-- initHomePage -->
        <test-method signature="logoDisplayed()[pri:0, instance:com.project.test.HomePageTest@47987356]" started-at="2022-11-08T19:58:56 IST" name="logoDisplayed" finished-at="2022-11-08T19:58:56 IST" duration-ms="206" status="PASS">
          <reporter-output>
          </reporter-output>
        </test-method> <!-- logoDisplayed -->
        <test-method is-config="true" signature="tearDownHomePage()[pri:0, instance:com.project.test.HomePageTest@47987356]" started-at="2022-11-08T19:58:56 IST" name="tearDownHomePage" finished-at="2022-11-08T19:58:57 IST" duration-ms="944" status="PASS">
          <reporter-output>
          </reporter-output>
        </test-method> <!-- tearDownHomePage -->
      </class> <!-- com.project.test.HomePageTest -->
    </test> <!-- Default test -->
  </suite> <!-- Default suite -->
</testng-results>
