<?xml version="1.0" encoding="UTF-8"?>
<!-- Generated by org.testng.reporters.JUnitXMLReporter -->
<testsuite ignored="0" hostname="DESKTOP-HFUG0EO" failures="1" tests="3" name="Test" time="72.896" errors="0" timestamp="2022-11-06T20:53:48 IST">
  <testcase classname="com.project.test.HP_logIn" name="logIn" time="1.516">
    <failure type="java.lang.AssertionError" message="expected [ Invalid User Name or PassWord ] but found [Invalid User Name or PassWord]">
      <![CDATA[java.lang.AssertionError: expected [ Invalid User Name or PassWord ] but found [Invalid User Name or PassWord]
at com.project.test.HP_logIn.logIn(HP_logIn.java:39)
at java.base/java.util.ArrayList.forEach(ArrayList.java:1511)
... Removed 33 stack frames]]>
    </failure>
  </testcase> <!-- logIn -->
  <testcase classname="com.project.test.HomePageTest" name="logoDisplayed" time="9.092"/>
  <testcase classname="com.project.test.Register" name="Registration" time="26.119"/>
</testsuite> <!-- Test -->
